
*** Running vivado
    with args -log design_1_xbar_0.vds -m64 -product Vivado -mode batch -messageDb vivado.pb -notrace -source design_1_xbar_0.tcl



****** Vivado v2022.2 (64-bit)
  **** SW Build 3671981 on Fri Oct 14 05:00:03 MDT 2022
  **** IP Build 3669848 on Fri Oct 14 08:30:02 MDT 2022
    ** Copyright 1986-2022 Xilinx, Inc. All Rights Reserved.

source design_1_xbar_0.tcl -notrace
create_project: Time (s): cpu = 00:00:08 ; elapsed = 00:00:09 . Memory (MB): peak = 1391.355 ; gain = 118.922
INFO: [IP_Flow 19-234] Refreshing IP repositories
INFO: [IP_Flow 19-1700] Loaded user IP repository 'e:/prj11_autofocus/SpiSlave_ip'.
INFO: [IP_Flow 19-2313] Loaded Vivado IP repository 'F:/Xilinx/Vivado/2022.2/data/ip'.
INFO: [IP_Flow 19-6924] IPCACHE: Running cache check for IP inst: design_1_xbar_0
Command: synth_design -top design_1_xbar_0 -part xc7z020clg484-2 -incremental_mode off -mode out_of_context
Starting synth_design
Attempting to get a license for feature 'Synthesis' and/or device 'xc7z020'
INFO: [Common 17-349] Got license for feature 'Synthesis' and/or device 'xc7z020'
INFO: [Device 21-403] Loading part xc7z020clg484-2
INFO: [Synth 8-7079] Multithreading enabled for synth_design using a maximum of 2 processes.
INFO: [Synth 8-7078] Launching helper process for spawning children vivado processes
INFO: [Synth 8-7075] Helper process launched with PID 20884
INFO: [Synth 8-11241] undeclared symbol 'REGCCE', assumed default net type 'wire' [F:/Xilinx/Vivado/2022.2/data/verilog/src/unimacro/BRAM_SINGLE_MACRO.v:2170]
---------------------------------------------------------------------------------
Starting RTL Elaboration : Time (s): cpu = 00:00:17 ; elapsed = 00:00:24 . Memory (MB): peak = 2245.711 ; gain = 408.230
---------------------------------------------------------------------------------
INFO: [Synth 8-6157] synthesizing module 'design_1_xbar_0' [e:/prj11_autofocus/01_app_hyis_ptc0808.gen/sources_1/bd/design_1/ip/design_1_xbar_0/synth/design_1_xbar_0.v:53]
INFO: [Synth 8-6157] synthesizing module 'axi_crossbar_v2_1_28_axi_crossbar' [e:/prj11_autofocus/01_app_hyis_ptc0808.gen/sources_1/bd/design_1/ipshared/c40e/hdl/axi_crossbar_v2_1_vl_rfs.v:4883]
INFO: [Synth 8-6157] synthesizing module 'axi_crossbar_v2_1_28_crossbar' [e:/prj11_autofocus/01_app_hyis_ptc0808.gen/sources_1/bd/design_1/ipshared/c40e/hdl/axi_crossbar_v2_1_vl_rfs.v:2238]
INFO: [Synth 8-6157] synthesizing module 'axi_crossbar_v2_1_28_si_transactor' [e:/prj11_autofocus/01_app_hyis_ptc0808.gen/sources_1/bd/design_1/ipshared/c40e/hdl/axi_crossbar_v2_1_vl_rfs.v:3799]
INFO: [Synth 8-6157] synthesizing module 'axi_crossbar_v2_1_28_addr_decoder' [e:/prj11_autofocus/01_app_hyis_ptc0808.gen/sources_1/bd/design_1/ipshared/c40e/hdl/axi_crossbar_v2_1_vl_rfs.v:793]
INFO: [Synth 8-6157] synthesizing module 'generic_baseblocks_v2_1_0_comparator_static' [e:/prj11_autofocus/01_app_hyis_ptc0808.gen/sources_1/bd/design_1/ipshared/b752/hdl/generic_baseblocks_v2_1_vl_rfs.v:2132]
INFO: [Synth 8-6157] synthesizing module 'generic_baseblocks_v2_1_0_carry_and' [e:/prj11_autofocus/01_app_hyis_ptc0808.gen/sources_1/bd/design_1/ipshared/b752/hdl/generic_baseblocks_v2_1_vl_rfs.v:61]
INFO: [Synth 8-6155] done synthesizing module 'generic_baseblocks_v2_1_0_carry_and' (0#1) [e:/prj11_autofocus/01_app_hyis_ptc0808.gen/sources_1/bd/design_1/ipshared/b752/hdl/generic_baseblocks_v2_1_vl_rfs.v:61]
INFO: [Synth 8-6155] done synthesizing module 'generic_baseblocks_v2_1_0_comparator_static' (0#1) [e:/prj11_autofocus/01_app_hyis_ptc0808.gen/sources_1/bd/design_1/ipshared/b752/hdl/generic_baseblocks_v2_1_vl_rfs.v:2132]
INFO: [Synth 8-6157] synthesizing module 'generic_baseblocks_v2_1_0_comparator_static__parameterized0' [e:/prj11_autofocus/01_app_hyis_ptc0808.gen/sources_1/bd/design_1/ipshared/b752/hdl/generic_baseblocks_v2_1_vl_rfs.v:2132]
INFO: [Synth 8-6155] done synthesizing module 'generic_baseblocks_v2_1_0_comparator_static__parameterized0' (0#1) [e:/prj11_autofocus/01_app_hyis_ptc0808.gen/sources_1/bd/design_1/ipshared/b752/hdl/generic_baseblocks_v2_1_vl_rfs.v:2132]
INFO: [Synth 8-6155] done synthesizing module 'axi_crossbar_v2_1_28_addr_decoder' (0#1) [e:/prj11_autofocus/01_app_hyis_ptc0808.gen/sources_1/bd/design_1/ipshared/c40e/hdl/axi_crossbar_v2_1_vl_rfs.v:793]
INFO: [Synth 8-6157] synthesizing module 'axi_data_fifo_v2_1_26_axic_srl_fifo' [e:/prj11_autofocus/01_app_hyis_ptc0808.gen/sources_1/bd/design_1/ipshared/3111/hdl/axi_data_fifo_v2_1_vl_rfs.v:697]
INFO: [Synth 8-6157] synthesizing module 'axi_data_fifo_v2_1_26_ndeep_srl' [e:/prj11_autofocus/01_app_hyis_ptc0808.gen/sources_1/bd/design_1/ipshared/3111/hdl/axi_data_fifo_v2_1_vl_rfs.v:1134]
INFO: [Synth 8-6157] synthesizing module 'SRLC32E' [F:/Xilinx/Vivado/2022.2/scripts/rt/data/unisim_comp.v:131794]
INFO: [Synth 8-6155] done synthesizing module 'SRLC32E' (0#1) [F:/Xilinx/Vivado/2022.2/scripts/rt/data/unisim_comp.v:131794]
INFO: [Synth 8-6155] done synthesizing module 'axi_data_fifo_v2_1_26_ndeep_srl' (0#1) [e:/prj11_autofocus/01_app_hyis_ptc0808.gen/sources_1/bd/design_1/ipshared/3111/hdl/axi_data_fifo_v2_1_vl_rfs.v:1134]
INFO: [Synth 8-6155] done synthesizing module 'axi_data_fifo_v2_1_26_axic_srl_fifo' (0#1) [e:/prj11_autofocus/01_app_hyis_ptc0808.gen/sources_1/bd/design_1/ipshared/3111/hdl/axi_data_fifo_v2_1_vl_rfs.v:697]
INFO: [Synth 8-6157] synthesizing module 'axi_crossbar_v2_1_28_arbiter_resp' [e:/prj11_autofocus/01_app_hyis_ptc0808.gen/sources_1/bd/design_1/ipshared/c40e/hdl/axi_crossbar_v2_1_vl_rfs.v:1024]
INFO: [Synth 8-6155] done synthesizing module 'axi_crossbar_v2_1_28_arbiter_resp' (0#1) [e:/prj11_autofocus/01_app_hyis_ptc0808.gen/sources_1/bd/design_1/ipshared/c40e/hdl/axi_crossbar_v2_1_vl_rfs.v:1024]
INFO: [Synth 8-6157] synthesizing module 'generic_baseblocks_v2_1_0_mux_enc' [e:/prj11_autofocus/01_app_hyis_ptc0808.gen/sources_1/bd/design_1/ipshared/b752/hdl/generic_baseblocks_v2_1_vl_rfs.v:2451]
INFO: [Synth 8-6157] synthesizing module 'MUXF7' [F:/Xilinx/Vivado/2022.2/scripts/rt/data/unisim_comp.v:82916]
INFO: [Synth 8-6155] done synthesizing module 'MUXF7' (0#1) [F:/Xilinx/Vivado/2022.2/scripts/rt/data/unisim_comp.v:82916]
INFO: [Synth 8-6155] done synthesizing module 'generic_baseblocks_v2_1_0_mux_enc' (0#1) [e:/prj11_autofocus/01_app_hyis_ptc0808.gen/sources_1/bd/design_1/ipshared/b752/hdl/generic_baseblocks_v2_1_vl_rfs.v:2451]
INFO: [Synth 8-6155] done synthesizing module 'axi_crossbar_v2_1_28_si_transactor' (0#1) [e:/prj11_autofocus/01_app_hyis_ptc0808.gen/sources_1/bd/design_1/ipshared/c40e/hdl/axi_crossbar_v2_1_vl_rfs.v:3799]
INFO: [Synth 8-6157] synthesizing module 'axi_crossbar_v2_1_28_si_transactor__parameterized0' [e:/prj11_autofocus/01_app_hyis_ptc0808.gen/sources_1/bd/design_1/ipshared/c40e/hdl/axi_crossbar_v2_1_vl_rfs.v:3799]
INFO: [Synth 8-6157] synthesizing module 'generic_baseblocks_v2_1_0_mux_enc__parameterized0' [e:/prj11_autofocus/01_app_hyis_ptc0808.gen/sources_1/bd/design_1/ipshared/b752/hdl/generic_baseblocks_v2_1_vl_rfs.v:2451]
INFO: [Synth 8-6155] done synthesizing module 'generic_baseblocks_v2_1_0_mux_enc__parameterized0' (0#1) [e:/prj11_autofocus/01_app_hyis_ptc0808.gen/sources_1/bd/design_1/ipshared/b752/hdl/generic_baseblocks_v2_1_vl_rfs.v:2451]
INFO: [Synth 8-6155] done synthesizing module 'axi_crossbar_v2_1_28_si_transactor__parameterized0' (0#1) [e:/prj11_autofocus/01_app_hyis_ptc0808.gen/sources_1/bd/design_1/ipshared/c40e/hdl/axi_crossbar_v2_1_vl_rfs.v:3799]
INFO: [Synth 8-6157] synthesizing module 'axi_crossbar_v2_1_28_splitter' [e:/prj11_autofocus/01_app_hyis_ptc0808.gen/sources_1/bd/design_1/ipshared/c40e/hdl/axi_crossbar_v2_1_vl_rfs.v:4460]
INFO: [Synth 8-6155] done synthesizing module 'axi_crossbar_v2_1_28_splitter' (0#1) [e:/prj11_autofocus/01_app_hyis_ptc0808.gen/sources_1/bd/design_1/ipshared/c40e/hdl/axi_crossbar_v2_1_vl_rfs.v:4460]
INFO: [Synth 8-6157] synthesizing module 'axi_crossbar_v2_1_28_wdata_router' [e:/prj11_autofocus/01_app_hyis_ptc0808.gen/sources_1/bd/design_1/ipshared/c40e/hdl/axi_crossbar_v2_1_vl_rfs.v:4735]
INFO: [Synth 8-6157] synthesizing module 'axi_data_fifo_v2_1_26_axic_reg_srl_fifo' [e:/prj11_autofocus/01_app_hyis_ptc0808.gen/sources_1/bd/design_1/ipshared/3111/hdl/axi_data_fifo_v2_1_vl_rfs.v:888]
INFO: [Synth 8-6157] synthesizing module 'axi_data_fifo_v2_1_26_ndeep_srl__parameterized0' [e:/prj11_autofocus/01_app_hyis_ptc0808.gen/sources_1/bd/design_1/ipshared/3111/hdl/axi_data_fifo_v2_1_vl_rfs.v:1134]
INFO: [Synth 8-6155] done synthesizing module 'axi_data_fifo_v2_1_26_ndeep_srl__parameterized0' (0#1) [e:/prj11_autofocus/01_app_hyis_ptc0808.gen/sources_1/bd/design_1/ipshared/3111/hdl/axi_data_fifo_v2_1_vl_rfs.v:1134]
INFO: [Synth 8-155] case statement is not full and has no default [e:/prj11_autofocus/01_app_hyis_ptc0808.gen/sources_1/bd/design_1/ipshared/3111/hdl/axi_data_fifo_v2_1_vl_rfs.v:986]
INFO: [Synth 8-6155] done synthesizing module 'axi_data_fifo_v2_1_26_axic_reg_srl_fifo' (0#1) [e:/prj11_autofocus/01_app_hyis_ptc0808.gen/sources_1/bd/design_1/ipshared/3111/hdl/axi_data_fifo_v2_1_vl_rfs.v:888]
INFO: [Synth 8-6155] done synthesizing module 'axi_crossbar_v2_1_28_wdata_router' (0#1) [e:/prj11_autofocus/01_app_hyis_ptc0808.gen/sources_1/bd/design_1/ipshared/c40e/hdl/axi_crossbar_v2_1_vl_rfs.v:4735]
INFO: [Synth 8-6157] synthesizing module 'axi_data_fifo_v2_1_26_axic_srl_fifo__parameterized0' [e:/prj11_autofocus/01_app_hyis_ptc0808.gen/sources_1/bd/design_1/ipshared/3111/hdl/axi_data_fifo_v2_1_vl_rfs.v:697]
INFO: [Synth 8-6155] done synthesizing module 'axi_data_fifo_v2_1_26_axic_srl_fifo__parameterized0' (0#1) [e:/prj11_autofocus/01_app_hyis_ptc0808.gen/sources_1/bd/design_1/ipshared/3111/hdl/axi_data_fifo_v2_1_vl_rfs.v:697]
INFO: [Synth 8-6157] synthesizing module 'axi_crossbar_v2_1_28_wdata_mux' [e:/prj11_autofocus/01_app_hyis_ptc0808.gen/sources_1/bd/design_1/ipshared/c40e/hdl/axi_crossbar_v2_1_vl_rfs.v:4560]
INFO: [Synth 8-6155] done synthesizing module 'axi_crossbar_v2_1_28_wdata_mux' (0#1) [e:/prj11_autofocus/01_app_hyis_ptc0808.gen/sources_1/bd/design_1/ipshared/c40e/hdl/axi_crossbar_v2_1_vl_rfs.v:4560]
INFO: [Synth 8-6157] synthesizing module 'axi_register_slice_v2_1_27_axi_register_slice' [e:/prj11_autofocus/01_app_hyis_ptc0808.gen/sources_1/bd/design_1/ipshared/f0b4/hdl/axi_register_slice_v2_1_vl_rfs.v:3725]
INFO: [Synth 8-6157] synthesizing module 'axi_infrastructure_v1_1_0_axi2vector' [e:/prj11_autofocus/01_app_hyis_ptc0808.gen/sources_1/bd/design_1/ipshared/ec67/hdl/axi_infrastructure_v1_1_vl_rfs.v:59]
INFO: [Synth 8-6155] done synthesizing module 'axi_infrastructure_v1_1_0_axi2vector' (0#1) [e:/prj11_autofocus/01_app_hyis_ptc0808.gen/sources_1/bd/design_1/ipshared/ec67/hdl/axi_infrastructure_v1_1_vl_rfs.v:59]
INFO: [Synth 8-6157] synthesizing module 'axi_infrastructure_v1_1_0_vector2axi' [e:/prj11_autofocus/01_app_hyis_ptc0808.gen/sources_1/bd/design_1/ipshared/ec67/hdl/axi_infrastructure_v1_1_vl_rfs.v:473]
INFO: [Synth 8-6155] done synthesizing module 'axi_infrastructure_v1_1_0_vector2axi' (0#1) [e:/prj11_autofocus/01_app_hyis_ptc0808.gen/sources_1/bd/design_1/ipshared/ec67/hdl/axi_infrastructure_v1_1_vl_rfs.v:473]
INFO: [Synth 8-6157] synthesizing module 'axi_register_slice_v2_1_27_axic_register_slice' [e:/prj11_autofocus/01_app_hyis_ptc0808.gen/sources_1/bd/design_1/ipshared/f0b4/hdl/axi_register_slice_v2_1_vl_rfs.v:1497]
INFO: [Synth 8-6155] done synthesizing module 'axi_register_slice_v2_1_27_axic_register_slice' (0#1) [e:/prj11_autofocus/01_app_hyis_ptc0808.gen/sources_1/bd/design_1/ipshared/f0b4/hdl/axi_register_slice_v2_1_vl_rfs.v:1497]
INFO: [Synth 8-6157] synthesizing module 'axi_register_slice_v2_1_27_axic_register_slice__parameterized0' [e:/prj11_autofocus/01_app_hyis_ptc0808.gen/sources_1/bd/design_1/ipshared/f0b4/hdl/axi_register_slice_v2_1_vl_rfs.v:1497]
INFO: [Synth 8-6155] done synthesizing module 'axi_register_slice_v2_1_27_axic_register_slice__parameterized0' (0#1) [e:/prj11_autofocus/01_app_hyis_ptc0808.gen/sources_1/bd/design_1/ipshared/f0b4/hdl/axi_register_slice_v2_1_vl_rfs.v:1497]
INFO: [Synth 8-6157] synthesizing module 'axi_register_slice_v2_1_27_axic_register_slice__parameterized1' [e:/prj11_autofocus/01_app_hyis_ptc0808.gen/sources_1/bd/design_1/ipshared/f0b4/hdl/axi_register_slice_v2_1_vl_rfs.v:1497]
INFO: [Synth 8-6155] done synthesizing module 'axi_register_slice_v2_1_27_axic_register_slice__parameterized1' (0#1) [e:/prj11_autofocus/01_app_hyis_ptc0808.gen/sources_1/bd/design_1/ipshared/f0b4/hdl/axi_register_slice_v2_1_vl_rfs.v:1497]
INFO: [Synth 8-6157] synthesizing module 'axi_register_slice_v2_1_27_axic_register_slice__parameterized2' [e:/prj11_autofocus/01_app_hyis_ptc0808.gen/sources_1/bd/design_1/ipshared/f0b4/hdl/axi_register_slice_v2_1_vl_rfs.v:1497]
INFO: [Synth 8-6155] done synthesizing module 'axi_register_slice_v2_1_27_axic_register_slice__parameterized2' (0#1) [e:/prj11_autofocus/01_app_hyis_ptc0808.gen/sources_1/bd/design_1/ipshared/f0b4/hdl/axi_register_slice_v2_1_vl_rfs.v:1497]
INFO: [Synth 8-6155] done synthesizing module 'axi_register_slice_v2_1_27_axi_register_slice' (0#1) [e:/prj11_autofocus/01_app_hyis_ptc0808.gen/sources_1/bd/design_1/ipshared/f0b4/hdl/axi_register_slice_v2_1_vl_rfs.v:3725]
WARNING: [Synth 8-7071] port 'aclk2x' of module 'axi_register_slice_v2_1_27_axi_register_slice' is unconnected for instance 'reg_slice_mi' [e:/prj11_autofocus/01_app_hyis_ptc0808.gen/sources_1/bd/design_1/ipshared/c40e/hdl/axi_crossbar_v2_1_vl_rfs.v:3122]
WARNING: [Synth 8-7023] instance 'reg_slice_mi' of module 'axi_register_slice_v2_1_27_axi_register_slice' has 93 connections declared, but only 92 given [e:/prj11_autofocus/01_app_hyis_ptc0808.gen/sources_1/bd/design_1/ipshared/c40e/hdl/axi_crossbar_v2_1_vl_rfs.v:3122]
WARNING: [Synth 8-7071] port 'aclk2x' of module 'axi_register_slice_v2_1_27_axi_register_slice' is unconnected for instance 'reg_slice_mi' [e:/prj11_autofocus/01_app_hyis_ptc0808.gen/sources_1/bd/design_1/ipshared/c40e/hdl/axi_crossbar_v2_1_vl_rfs.v:3122]
WARNING: [Synth 8-7023] instance 'reg_slice_mi' of module 'axi_register_slice_v2_1_27_axi_register_slice' has 93 connections declared, but only 92 given [e:/prj11_autofocus/01_app_hyis_ptc0808.gen/sources_1/bd/design_1/ipshared/c40e/hdl/axi_crossbar_v2_1_vl_rfs.v:3122]
WARNING: [Synth 8-7071] port 'aclk2x' of module 'axi_register_slice_v2_1_27_axi_register_slice' is unconnected for instance 'reg_slice_mi' [e:/prj11_autofocus/01_app_hyis_ptc0808.gen/sources_1/bd/design_1/ipshared/c40e/hdl/axi_crossbar_v2_1_vl_rfs.v:3122]
WARNING: [Synth 8-7023] instance 'reg_slice_mi' of module 'axi_register_slice_v2_1_27_axi_register_slice' has 93 connections declared, but only 92 given [e:/prj11_autofocus/01_app_hyis_ptc0808.gen/sources_1/bd/design_1/ipshared/c40e/hdl/axi_crossbar_v2_1_vl_rfs.v:3122]
WARNING: [Synth 8-7071] port 'aclk2x' of module 'axi_register_slice_v2_1_27_axi_register_slice' is unconnected for instance 'reg_slice_mi' [e:/prj11_autofocus/01_app_hyis_ptc0808.gen/sources_1/bd/design_1/ipshared/c40e/hdl/axi_crossbar_v2_1_vl_rfs.v:3122]
WARNING: [Synth 8-7023] instance 'reg_slice_mi' of module 'axi_register_slice_v2_1_27_axi_register_slice' has 93 connections declared, but only 92 given [e:/prj11_autofocus/01_app_hyis_ptc0808.gen/sources_1/bd/design_1/ipshared/c40e/hdl/axi_crossbar_v2_1_vl_rfs.v:3122]
INFO: [Synth 8-6157] synthesizing module 'axi_data_fifo_v2_1_26_axic_srl_fifo__parameterized1' [e:/prj11_autofocus/01_app_hyis_ptc0808.gen/sources_1/bd/design_1/ipshared/3111/hdl/axi_data_fifo_v2_1_vl_rfs.v:697]
INFO: [Synth 8-6157] synthesizing module 'axi_data_fifo_v2_1_26_ndeep_srl__parameterized1' [e:/prj11_autofocus/01_app_hyis_ptc0808.gen/sources_1/bd/design_1/ipshared/3111/hdl/axi_data_fifo_v2_1_vl_rfs.v:1134]
INFO: [Synth 8-6155] done synthesizing module 'axi_data_fifo_v2_1_26_ndeep_srl__parameterized1' (0#1) [e:/prj11_autofocus/01_app_hyis_ptc0808.gen/sources_1/bd/design_1/ipshared/3111/hdl/axi_data_fifo_v2_1_vl_rfs.v:1134]
INFO: [Synth 8-6155] done synthesizing module 'axi_data_fifo_v2_1_26_axic_srl_fifo__parameterized1' (0#1) [e:/prj11_autofocus/01_app_hyis_ptc0808.gen/sources_1/bd/design_1/ipshared/3111/hdl/axi_data_fifo_v2_1_vl_rfs.v:697]
INFO: [Synth 8-6157] synthesizing module 'axi_crossbar_v2_1_28_wdata_mux__parameterized0' [e:/prj11_autofocus/01_app_hyis_ptc0808.gen/sources_1/bd/design_1/ipshared/c40e/hdl/axi_crossbar_v2_1_vl_rfs.v:4560]
INFO: [Synth 8-6155] done synthesizing module 'axi_crossbar_v2_1_28_wdata_mux__parameterized0' (0#1) [e:/prj11_autofocus/01_app_hyis_ptc0808.gen/sources_1/bd/design_1/ipshared/c40e/hdl/axi_crossbar_v2_1_vl_rfs.v:4560]
WARNING: [Synth 8-7071] port 'aclk2x' of module 'axi_register_slice_v2_1_27_axi_register_slice' is unconnected for instance 'reg_slice_mi' [e:/prj11_autofocus/01_app_hyis_ptc0808.gen/sources_1/bd/design_1/ipshared/c40e/hdl/axi_crossbar_v2_1_vl_rfs.v:3122]
WARNING: [Synth 8-7023] instance 'reg_slice_mi' of module 'axi_register_slice_v2_1_27_axi_register_slice' has 93 connections declared, but only 92 given [e:/prj11_autofocus/01_app_hyis_ptc0808.gen/sources_1/bd/design_1/ipshared/c40e/hdl/axi_crossbar_v2_1_vl_rfs.v:3122]
INFO: [Synth 8-6157] synthesizing module 'axi_crossbar_v2_1_28_decerr_slave' [e:/prj11_autofocus/01_app_hyis_ptc0808.gen/sources_1/bd/design_1/ipshared/c40e/hdl/axi_crossbar_v2_1_vl_rfs.v:3500]
INFO: [Synth 8-155] case statement is not full and has no default [e:/prj11_autofocus/01_app_hyis_ptc0808.gen/sources_1/bd/design_1/ipshared/c40e/hdl/axi_crossbar_v2_1_vl_rfs.v:3633]
INFO: [Synth 8-6155] done synthesizing module 'axi_crossbar_v2_1_28_decerr_slave' (0#1) [e:/prj11_autofocus/01_app_hyis_ptc0808.gen/sources_1/bd/design_1/ipshared/c40e/hdl/axi_crossbar_v2_1_vl_rfs.v:3500]
INFO: [Synth 8-6157] synthesizing module 'axi_crossbar_v2_1_28_addr_arbiter' [e:/prj11_autofocus/01_app_hyis_ptc0808.gen/sources_1/bd/design_1/ipshared/c40e/hdl/axi_crossbar_v2_1_vl_rfs.v:422]
INFO: [Synth 8-6155] done synthesizing module 'axi_crossbar_v2_1_28_addr_arbiter' (0#1) [e:/prj11_autofocus/01_app_hyis_ptc0808.gen/sources_1/bd/design_1/ipshared/c40e/hdl/axi_crossbar_v2_1_vl_rfs.v:422]
INFO: [Synth 8-6155] done synthesizing module 'axi_crossbar_v2_1_28_crossbar' (0#1) [e:/prj11_autofocus/01_app_hyis_ptc0808.gen/sources_1/bd/design_1/ipshared/c40e/hdl/axi_crossbar_v2_1_vl_rfs.v:2238]
INFO: [Synth 8-6155] done synthesizing module 'axi_crossbar_v2_1_28_axi_crossbar' (0#1) [e:/prj11_autofocus/01_app_hyis_ptc0808.gen/sources_1/bd/design_1/ipshared/c40e/hdl/axi_crossbar_v2_1_vl_rfs.v:4883]
INFO: [Synth 8-6155] done synthesizing module 'design_1_xbar_0' (0#1) [e:/prj11_autofocus/01_app_hyis_ptc0808.gen/sources_1/bd/design_1/ip/design_1_xbar_0/synth/design_1_xbar_0.v:53]
WARNING: [Synth 8-6014] Unused sequential element areset_d1_reg was removed.  [e:/prj11_autofocus/01_app_hyis_ptc0808.gen/sources_1/bd/design_1/ipshared/3111/hdl/axi_data_fifo_v2_1_vl_rfs.v:750]
WARNING: [Synth 8-6014] Unused sequential element S_READY_i_reg was removed.  [e:/prj11_autofocus/01_app_hyis_ptc0808.gen/sources_1/bd/design_1/ipshared/3111/hdl/axi_data_fifo_v2_1_vl_rfs.v:789]
WARNING: [Synth 8-6014] Unused sequential element gen_multi_thread.gen_thread_loop[0].gen_debug_r_multi_thread.debug_r_beat_cnt_i_reg was removed.  [e:/prj11_autofocus/01_app_hyis_ptc0808.gen/sources_1/bd/design_1/ipshared/c40e/hdl/axi_crossbar_v2_1_vl_rfs.v:4346]
WARNING: [Synth 8-6014] Unused sequential element gen_multi_thread.gen_thread_loop[1].gen_debug_r_multi_thread.debug_r_beat_cnt_i_reg was removed.  [e:/prj11_autofocus/01_app_hyis_ptc0808.gen/sources_1/bd/design_1/ipshared/c40e/hdl/axi_crossbar_v2_1_vl_rfs.v:4346]
WARNING: [Synth 8-6014] Unused sequential element gen_multi_thread.gen_thread_loop[2].gen_debug_r_multi_thread.debug_r_beat_cnt_i_reg was removed.  [e:/prj11_autofocus/01_app_hyis_ptc0808.gen/sources_1/bd/design_1/ipshared/c40e/hdl/axi_crossbar_v2_1_vl_rfs.v:4346]
WARNING: [Synth 8-6014] Unused sequential element gen_multi_thread.gen_thread_loop[3].gen_debug_r_multi_thread.debug_r_beat_cnt_i_reg was removed.  [e:/prj11_autofocus/01_app_hyis_ptc0808.gen/sources_1/bd/design_1/ipshared/c40e/hdl/axi_crossbar_v2_1_vl_rfs.v:4346]
WARNING: [Synth 8-6014] Unused sequential element gen_multi_thread.gen_thread_loop[4].gen_debug_r_multi_thread.debug_r_beat_cnt_i_reg was removed.  [e:/prj11_autofocus/01_app_hyis_ptc0808.gen/sources_1/bd/design_1/ipshared/c40e/hdl/axi_crossbar_v2_1_vl_rfs.v:4346]
WARNING: [Synth 8-6014] Unused sequential element gen_multi_thread.gen_thread_loop[5].gen_debug_r_multi_thread.debug_r_beat_cnt_i_reg was removed.  [e:/prj11_autofocus/01_app_hyis_ptc0808.gen/sources_1/bd/design_1/ipshared/c40e/hdl/axi_crossbar_v2_1_vl_rfs.v:4346]
WARNING: [Synth 8-6014] Unused sequential element gen_multi_thread.gen_thread_loop[6].gen_debug_r_multi_thread.debug_r_beat_cnt_i_reg was removed.  [e:/prj11_autofocus/01_app_hyis_ptc0808.gen/sources_1/bd/design_1/ipshared/c40e/hdl/axi_crossbar_v2_1_vl_rfs.v:4346]
WARNING: [Synth 8-6014] Unused sequential element gen_multi_thread.gen_thread_loop[7].gen_debug_r_multi_thread.debug_r_beat_cnt_i_reg was removed.  [e:/prj11_autofocus/01_app_hyis_ptc0808.gen/sources_1/bd/design_1/ipshared/c40e/hdl/axi_crossbar_v2_1_vl_rfs.v:4346]
WARNING: [Synth 8-6014] Unused sequential element gen_multi_thread.gen_thread_loop[0].gen_debug_r_multi_thread.debug_r_beat_cnt_i_reg was removed.  [e:/prj11_autofocus/01_app_hyis_ptc0808.gen/sources_1/bd/design_1/ipshared/c40e/hdl/axi_crossbar_v2_1_vl_rfs.v:4346]
WARNING: [Synth 8-6014] Unused sequential element gen_multi_thread.gen_thread_loop[1].gen_debug_r_multi_thread.debug_r_beat_cnt_i_reg was removed.  [e:/prj11_autofocus/01_app_hyis_ptc0808.gen/sources_1/bd/design_1/ipshared/c40e/hdl/axi_crossbar_v2_1_vl_rfs.v:4346]
WARNING: [Synth 8-6014] Unused sequential element gen_multi_thread.gen_thread_loop[2].gen_debug_r_multi_thread.debug_r_beat_cnt_i_reg was removed.  [e:/prj11_autofocus/01_app_hyis_ptc0808.gen/sources_1/bd/design_1/ipshared/c40e/hdl/axi_crossbar_v2_1_vl_rfs.v:4346]
WARNING: [Synth 8-6014] Unused sequential element gen_multi_thread.gen_thread_loop[3].gen_debug_r_multi_thread.debug_r_beat_cnt_i_reg was removed.  [e:/prj11_autofocus/01_app_hyis_ptc0808.gen/sources_1/bd/design_1/ipshared/c40e/hdl/axi_crossbar_v2_1_vl_rfs.v:4346]
WARNING: [Synth 8-6014] Unused sequential element gen_multi_thread.gen_thread_loop[4].gen_debug_r_multi_thread.debug_r_beat_cnt_i_reg was removed.  [e:/prj11_autofocus/01_app_hyis_ptc0808.gen/sources_1/bd/design_1/ipshared/c40e/hdl/axi_crossbar_v2_1_vl_rfs.v:4346]
WARNING: [Synth 8-6014] Unused sequential element gen_multi_thread.gen_thread_loop[5].gen_debug_r_multi_thread.debug_r_beat_cnt_i_reg was removed.  [e:/prj11_autofocus/01_app_hyis_ptc0808.gen/sources_1/bd/design_1/ipshared/c40e/hdl/axi_crossbar_v2_1_vl_rfs.v:4346]
WARNING: [Synth 8-6014] Unused sequential element gen_multi_thread.gen_thread_loop[6].gen_debug_r_multi_thread.debug_r_beat_cnt_i_reg was removed.  [e:/prj11_autofocus/01_app_hyis_ptc0808.gen/sources_1/bd/design_1/ipshared/c40e/hdl/axi_crossbar_v2_1_vl_rfs.v:4346]
WARNING: [Synth 8-6014] Unused sequential element gen_multi_thread.gen_thread_loop[7].gen_debug_r_multi_thread.debug_r_beat_cnt_i_reg was removed.  [e:/prj11_autofocus/01_app_hyis_ptc0808.gen/sources_1/bd/design_1/ipshared/c40e/hdl/axi_crossbar_v2_1_vl_rfs.v:4346]
WARNING: [Synth 8-6014] Unused sequential element areset_d1_reg was removed.  [e:/prj11_autofocus/01_app_hyis_ptc0808.gen/sources_1/bd/design_1/ipshared/3111/hdl/axi_data_fifo_v2_1_vl_rfs.v:750]
WARNING: [Synth 8-6014] Unused sequential element S_READY_i_reg was removed.  [e:/prj11_autofocus/01_app_hyis_ptc0808.gen/sources_1/bd/design_1/ipshared/3111/hdl/axi_data_fifo_v2_1_vl_rfs.v:789]
WARNING: [Synth 8-6014] Unused sequential element areset_d1_reg was removed.  [e:/prj11_autofocus/01_app_hyis_ptc0808.gen/sources_1/bd/design_1/ipshared/3111/hdl/axi_data_fifo_v2_1_vl_rfs.v:750]
WARNING: [Synth 8-6014] Unused sequential element S_READY_i_reg was removed.  [e:/prj11_autofocus/01_app_hyis_ptc0808.gen/sources_1/bd/design_1/ipshared/3111/hdl/axi_data_fifo_v2_1_vl_rfs.v:789]
WARNING: [Synth 8-6014] Unused sequential element gen_master_slots[0].gen_mi_write.gen_debug_w.debug_w_beat_cnt_i_reg was removed.  [e:/prj11_autofocus/01_app_hyis_ptc0808.gen/sources_1/bd/design_1/ipshared/c40e/hdl/axi_crossbar_v2_1_vl_rfs.v:2997]
WARNING: [Synth 8-6014] Unused sequential element gen_master_slots[1].gen_mi_write.gen_debug_w.debug_w_beat_cnt_i_reg was removed.  [e:/prj11_autofocus/01_app_hyis_ptc0808.gen/sources_1/bd/design_1/ipshared/c40e/hdl/axi_crossbar_v2_1_vl_rfs.v:2997]
WARNING: [Synth 8-6014] Unused sequential element gen_master_slots[2].gen_mi_write.gen_debug_w.debug_w_beat_cnt_i_reg was removed.  [e:/prj11_autofocus/01_app_hyis_ptc0808.gen/sources_1/bd/design_1/ipshared/c40e/hdl/axi_crossbar_v2_1_vl_rfs.v:2997]
WARNING: [Synth 8-6014] Unused sequential element gen_master_slots[3].gen_mi_write.gen_debug_w.debug_w_beat_cnt_i_reg was removed.  [e:/prj11_autofocus/01_app_hyis_ptc0808.gen/sources_1/bd/design_1/ipshared/c40e/hdl/axi_crossbar_v2_1_vl_rfs.v:2997]
WARNING: [Synth 8-6014] Unused sequential element gen_master_slots[4].gen_mi_write.gen_debug_w.debug_w_beat_cnt_i_reg was removed.  [e:/prj11_autofocus/01_app_hyis_ptc0808.gen/sources_1/bd/design_1/ipshared/c40e/hdl/axi_crossbar_v2_1_vl_rfs.v:2997]
WARNING: [Synth 8-7129] Port ACLK in module axi_register_slice_v2_1_27_axic_register_slice is either unconnected or has no load
WARNING: [Synth 8-7129] Port ARESET in module axi_register_slice_v2_1_27_axic_register_slice is either unconnected or has no load
WARNING: [Synth 8-7129] Port ACLK in module axi_register_slice_v2_1_27_axic_register_slice__parameterized0 is either unconnected or has no load
WARNING: [Synth 8-7129] Port ARESET in module axi_register_slice_v2_1_27_axic_register_slice__parameterized0 is either unconnected or has no load
WARNING: [Synth 8-7129] Port m_axi_buser[0] in module axi_infrastructure_v1_1_0_vector2axi is either unconnected or has no load
WARNING: [Synth 8-7129] Port m_axi_ruser[0] in module axi_infrastructure_v1_1_0_vector2axi is either unconnected or has no load
WARNING: [Synth 8-7129] Port s_axi_awuser[0] in module axi_infrastructure_v1_1_0_axi2vector is either unconnected or has no load
WARNING: [Synth 8-7129] Port s_axi_wid[11] in module axi_infrastructure_v1_1_0_axi2vector is either unconnected or has no load
WARNING: [Synth 8-7129] Port s_axi_wid[10] in module axi_infrastructure_v1_1_0_axi2vector is either unconnected or has no load
WARNING: [Synth 8-7129] Port s_axi_wid[9] in module axi_infrastructure_v1_1_0_axi2vector is either unconnected or has no load
WARNING: [Synth 8-7129] Port s_axi_wid[8] in module axi_infrastructure_v1_1_0_axi2vector is either unconnected or has no load
WARNING: [Synth 8-7129] Port s_axi_wid[7] in module axi_infrastructure_v1_1_0_axi2vector is either unconnected or has no load
WARNING: [Synth 8-7129] Port s_axi_wid[6] in module axi_infrastructure_v1_1_0_axi2vector is either unconnected or has no load
WARNING: [Synth 8-7129] Port s_axi_wid[5] in module axi_infrastructure_v1_1_0_axi2vector is either unconnected or has no load
WARNING: [Synth 8-7129] Port s_axi_wid[4] in module axi_infrastructure_v1_1_0_axi2vector is either unconnected or has no load
WARNING: [Synth 8-7129] Port s_axi_wid[3] in module axi_infrastructure_v1_1_0_axi2vector is either unconnected or has no load
WARNING: [Synth 8-7129] Port s_axi_wid[2] in module axi_infrastructure_v1_1_0_axi2vector is either unconnected or has no load
WARNING: [Synth 8-7129] Port s_axi_wid[1] in module axi_infrastructure_v1_1_0_axi2vector is either unconnected or has no load
WARNING: [Synth 8-7129] Port s_axi_wid[0] in module axi_infrastructure_v1_1_0_axi2vector is either unconnected or has no load
WARNING: [Synth 8-7129] Port s_axi_wuser[0] in module axi_infrastructure_v1_1_0_axi2vector is either unconnected or has no load
WARNING: [Synth 8-7129] Port s_axi_aruser[0] in module axi_infrastructure_v1_1_0_axi2vector is either unconnected or has no load
WARNING: [Synth 8-7129] Port aclk2x in module axi_register_slice_v2_1_27_axi_register_slice is either unconnected or has no load
WARNING: [Synth 8-7129] Port ACLK in module axi_crossbar_v2_1_28_wdata_mux__parameterized0 is either unconnected or has no load
WARNING: [Synth 8-7129] Port ARESET in module axi_crossbar_v2_1_28_wdata_mux__parameterized0 is either unconnected or has no load
WARNING: [Synth 8-7129] Port S_ASELECT[0] in module axi_crossbar_v2_1_28_wdata_mux__parameterized0 is either unconnected or has no load
WARNING: [Synth 8-7129] Port S_AVALID in module axi_crossbar_v2_1_28_wdata_mux__parameterized0 is either unconnected or has no load
WARNING: [Synth 8-7129] Port ACLK in module axi_crossbar_v2_1_28_wdata_mux is either unconnected or has no load
WARNING: [Synth 8-7129] Port ARESET in module axi_crossbar_v2_1_28_wdata_mux is either unconnected or has no load
WARNING: [Synth 8-7129] Port S_ASELECT[0] in module axi_crossbar_v2_1_28_wdata_mux is either unconnected or has no load
WARNING: [Synth 8-7129] Port S_AVALID in module axi_crossbar_v2_1_28_wdata_mux is either unconnected or has no load
WARNING: [Synth 8-7129] Port ADDR[1] in module axi_crossbar_v2_1_28_addr_decoder is either unconnected or has no load
WARNING: [Synth 8-7129] Port ADDR[0] in module axi_crossbar_v2_1_28_addr_decoder is either unconnected or has no load
WARNING: [Synth 8-7129] Port S_ABURST[1] in module axi_crossbar_v2_1_28_si_transactor__parameterized0 is either unconnected or has no load
WARNING: [Synth 8-7129] Port S_ABURST[0] in module axi_crossbar_v2_1_28_si_transactor__parameterized0 is either unconnected or has no load
WARNING: [Synth 8-7129] Port S_ABURST[1] in module axi_crossbar_v2_1_28_si_transactor is either unconnected or has no load
WARNING: [Synth 8-7129] Port S_ABURST[0] in module axi_crossbar_v2_1_28_si_transactor is either unconnected or has no load
WARNING: [Synth 8-7129] Port S_AXI_WID[11] in module axi_crossbar_v2_1_28_crossbar is either unconnected or has no load
WARNING: [Synth 8-7129] Port S_AXI_WID[10] in module axi_crossbar_v2_1_28_crossbar is either unconnected or has no load
WARNING: [Synth 8-7129] Port S_AXI_WID[9] in module axi_crossbar_v2_1_28_crossbar is either unconnected or has no load
WARNING: [Synth 8-7129] Port S_AXI_WID[8] in module axi_crossbar_v2_1_28_crossbar is either unconnected or has no load
WARNING: [Synth 8-7129] Port S_AXI_WID[7] in module axi_crossbar_v2_1_28_crossbar is either unconnected or has no load
WARNING: [Synth 8-7129] Port S_AXI_WID[6] in module axi_crossbar_v2_1_28_crossbar is either unconnected or has no load
WARNING: [Synth 8-7129] Port S_AXI_WID[5] in module axi_crossbar_v2_1_28_crossbar is either unconnected or has no load
WARNING: [Synth 8-7129] Port S_AXI_WID[4] in module axi_crossbar_v2_1_28_crossbar is either unconnected or has no load
WARNING: [Synth 8-7129] Port S_AXI_WID[3] in module axi_crossbar_v2_1_28_crossbar is either unconnected or has no load
WARNING: [Synth 8-7129] Port S_AXI_WID[2] in module axi_crossbar_v2_1_28_crossbar is either unconnected or has no load
WARNING: [Synth 8-7129] Port S_AXI_WID[1] in module axi_crossbar_v2_1_28_crossbar is either unconnected or has no load
WARNING: [Synth 8-7129] Port S_AXI_WID[0] in module axi_crossbar_v2_1_28_crossbar is either unconnected or has no load
WARNING: [Synth 8-7129] Port s_axi_awuser[0] in module axi_crossbar_v2_1_28_axi_crossbar is either unconnected or has no load
WARNING: [Synth 8-7129] Port s_axi_wid[11] in module axi_crossbar_v2_1_28_axi_crossbar is either unconnected or has no load
WARNING: [Synth 8-7129] Port s_axi_wid[10] in module axi_crossbar_v2_1_28_axi_crossbar is either unconnected or has no load
WARNING: [Synth 8-7129] Port s_axi_wid[9] in module axi_crossbar_v2_1_28_axi_crossbar is either unconnected or has no load
WARNING: [Synth 8-7129] Port s_axi_wid[8] in module axi_crossbar_v2_1_28_axi_crossbar is either unconnected or has no load
WARNING: [Synth 8-7129] Port s_axi_wid[7] in module axi_crossbar_v2_1_28_axi_crossbar is either unconnected or has no load
WARNING: [Synth 8-7129] Port s_axi_wid[6] in module axi_crossbar_v2_1_28_axi_crossbar is either unconnected or has no load
WARNING: [Synth 8-7129] Port s_axi_wid[5] in module axi_crossbar_v2_1_28_axi_crossbar is either unconnected or has no load
WARNING: [Synth 8-7129] Port s_axi_wid[4] in module axi_crossbar_v2_1_28_axi_crossbar is either unconnected or has no load
WARNING: [Synth 8-7129] Port s_axi_wid[3] in module axi_crossbar_v2_1_28_axi_crossbar is either unconnected or has no load
WARNING: [Synth 8-7129] Port s_axi_wid[2] in module axi_crossbar_v2_1_28_axi_crossbar is either unconnected or has no load
WARNING: [Synth 8-7129] Port s_axi_wid[1] in module axi_crossbar_v2_1_28_axi_crossbar is either unconnected or has no load
WARNING: [Synth 8-7129] Port s_axi_wid[0] in module axi_crossbar_v2_1_28_axi_crossbar is either unconnected or has no load
WARNING: [Synth 8-7129] Port s_axi_wuser[0] in module axi_crossbar_v2_1_28_axi_crossbar is either unconnected or has no load
WARNING: [Synth 8-7129] Port s_axi_aruser[0] in module axi_crossbar_v2_1_28_axi_crossbar is either unconnected or has no load
WARNING: [Synth 8-7129] Port m_axi_buser[3] in module axi_crossbar_v2_1_28_axi_crossbar is either unconnected or has no load
WARNING: [Synth 8-7129] Port m_axi_buser[2] in module axi_crossbar_v2_1_28_axi_crossbar is either unconnected or has no load
WARNING: [Synth 8-7129] Port m_axi_buser[1] in module axi_crossbar_v2_1_28_axi_crossbar is either unconnected or has no load
WARNING: [Synth 8-7129] Port m_axi_buser[0] in module axi_crossbar_v2_1_28_axi_crossbar is either unconnected or has no load
WARNING: [Synth 8-7129] Port m_axi_ruser[3] in module axi_crossbar_v2_1_28_axi_crossbar is either unconnected or has no load
WARNING: [Synth 8-7129] Port m_axi_ruser[2] in module axi_crossbar_v2_1_28_axi_crossbar is either unconnected or has no load
WARNING: [Synth 8-7129] Port m_axi_ruser[1] in module axi_crossbar_v2_1_28_axi_crossbar is either unconnected or has no load
WARNING: [Synth 8-7129] Port m_axi_ruser[0] in module axi_crossbar_v2_1_28_axi_crossbar is either unconnected or has no load
---------------------------------------------------------------------------------
Finished RTL Elaboration : Time (s): cpu = 00:00:30 ; elapsed = 00:00:39 . Memory (MB): peak = 2494.770 ; gain = 657.289
---------------------------------------------------------------------------------
---------------------------------------------------------------------------------
Start Handling Custom Attributes
---------------------------------------------------------------------------------
---------------------------------------------------------------------------------
Finished Handling Custom Attributes : Time (s): cpu = 00:00:30 ; elapsed = 00:00:39 . Memory (MB): peak = 2494.770 ; gain = 657.289
---------------------------------------------------------------------------------
---------------------------------------------------------------------------------
Finished RTL Optimization Phase 1 : Time (s): cpu = 00:00:30 ; elapsed = 00:00:39 . Memory (MB): peak = 2494.770 ; gain = 657.289
---------------------------------------------------------------------------------
Netlist sorting complete. Time (s): cpu = 00:00:00 ; elapsed = 00:00:00.312 . Memory (MB): peak = 2494.770 ; gain = 0.000
INFO: [Netlist 29-17] Analyzing 64 Unisim elements for replacement
INFO: [Netlist 29-28] Unisim Transformation completed in 0 CPU seconds
INFO: [Project 1-570] Preparing netlist for logic optimization

Processing XDC Constraints
Initializing timing engine
Parsing XDC File [e:/prj11_autofocus/01_app_hyis_ptc0808.gen/sources_1/bd/design_1/ip/design_1_xbar_0/design_1_xbar_0_ooc.xdc] for cell 'inst'
Finished Parsing XDC File [e:/prj11_autofocus/01_app_hyis_ptc0808.gen/sources_1/bd/design_1/ip/design_1_xbar_0/design_1_xbar_0_ooc.xdc] for cell 'inst'
Parsing XDC File [E:/prj11_autofocus/01_app_hyis_ptc0808.runs/design_1_xbar_0_synth_1/dont_touch.xdc]
Finished Parsing XDC File [E:/prj11_autofocus/01_app_hyis_ptc0808.runs/design_1_xbar_0_synth_1/dont_touch.xdc]
Completed Processing XDC Constraints

Netlist sorting complete. Time (s): cpu = 00:00:00 ; elapsed = 00:00:00.009 . Memory (MB): peak = 2526.215 ; gain = 0.000
INFO: [Project 1-111] Unisim Transformation Summary:
No Unisim elements were transformed.

Constraint Validation Runtime : Time (s): cpu = 00:00:00 ; elapsed = 00:00:00.262 . Memory (MB): peak = 2526.215 ; gain = 0.000
INFO: [Designutils 20-5008] Incremental synthesis strategy off
INFO: [Synth 8-11241] undeclared symbol 'REGCCE', assumed default net type 'wire' [F:/Xilinx/Vivado/2022.2/data/verilog/src/unimacro/BRAM_SINGLE_MACRO.v:2170]
---------------------------------------------------------------------------------
Finished Constraint Validation : Time (s): cpu = 00:00:45 ; elapsed = 00:00:58 . Memory (MB): peak = 2526.215 ; gain = 688.734
---------------------------------------------------------------------------------
---------------------------------------------------------------------------------
Start Loading Part and Timing Information
---------------------------------------------------------------------------------
Loading part: xc7z020clg484-2
---------------------------------------------------------------------------------
Finished Loading Part and Timing Information : Time (s): cpu = 00:00:45 ; elapsed = 00:00:58 . Memory (MB): peak = 2526.215 ; gain = 688.734
---------------------------------------------------------------------------------
---------------------------------------------------------------------------------
Start Applying 'set_property' XDC Constraints
---------------------------------------------------------------------------------
Applied set_property KEEP_HIERARCHY = SOFT for inst. (constraint file  E:/prj11_autofocus/01_app_hyis_ptc0808.runs/design_1_xbar_0_synth_1/dont_touch.xdc, line 9).
---------------------------------------------------------------------------------
Finished applying 'set_property' XDC Constraints : Time (s): cpu = 00:00:45 ; elapsed = 00:00:58 . Memory (MB): peak = 2526.215 ; gain = 688.734
---------------------------------------------------------------------------------
INFO: [Synth 8-802] inferred FSM for state register 'state_reg' in module 'axi_data_fifo_v2_1_26_axic_reg_srl_fifo'
INFO: [Synth 8-802] inferred FSM for state register 'gen_axi.write_cs_reg' in module 'axi_crossbar_v2_1_28_decerr_slave'
---------------------------------------------------------------------------------------------------
                   State |                     New Encoding |                Previous Encoding 
---------------------------------------------------------------------------------------------------
                    ZERO |                             1000 |                               10
                     ONE |                             0010 |                               11
                     TWO |                             0001 |                               01
                  iSTATE |                             0100 |                               00
---------------------------------------------------------------------------------------------------
INFO: [Synth 8-3354] encoded FSM with state register 'state_reg' using encoding 'one-hot' in module 'axi_data_fifo_v2_1_26_axic_reg_srl_fifo'
---------------------------------------------------------------------------------------------------
                   State |                     New Encoding |                Previous Encoding 
---------------------------------------------------------------------------------------------------
            P_WRITE_IDLE |                              001 |                               00
            P_WRITE_DATA |                              010 |                               01
            P_WRITE_RESP |                              100 |                               10
---------------------------------------------------------------------------------------------------
INFO: [Synth 8-3354] encoded FSM with state register 'gen_axi.write_cs_reg' using encoding 'one-hot' in module 'axi_crossbar_v2_1_28_decerr_slave'
---------------------------------------------------------------------------------
Finished RTL Optimization Phase 2 : Time (s): cpu = 00:00:48 ; elapsed = 00:01:00 . Memory (MB): peak = 2526.215 ; gain = 688.734
---------------------------------------------------------------------------------
---------------------------------------------------------------------------------
Start RTL Component Statistics 
---------------------------------------------------------------------------------
Detailed RTL Component Info : 
+---Adders : 
	   2 Input    8 Bit       Adders := 3     
	   2 Input    4 Bit       Adders := 42    
	   2 Input    3 Bit       Adders := 6     
	   2 Input    2 Bit       Adders := 1     
	   2 Input    1 Bit       Adders := 2     
+---XORs : 
	   2 Input      1 Bit         XORs := 22    
+---Registers : 
	               75 Bit    Registers := 2     
	               47 Bit    Registers := 10    
	               14 Bit    Registers := 5     
	               12 Bit    Registers := 18    
	                8 Bit    Registers := 3     
	                5 Bit    Registers := 6     
	                4 Bit    Registers := 18    
	                3 Bit    Registers := 6     
	                2 Bit    Registers := 13    
	                1 Bit    Registers := 57    
+---Muxes : 
	   2 Input   64 Bit        Muxes := 16    
	   2 Input   47 Bit        Muxes := 10    
	   2 Input   40 Bit        Muxes := 10    
	   2 Input    8 Bit        Muxes := 1     
	   2 Input    5 Bit        Muxes := 2     
	   2 Input    4 Bit        Muxes := 13    
	   3 Input    4 Bit        Muxes := 17    
	   2 Input    3 Bit        Muxes := 4     
	   2 Input    2 Bit        Muxes := 49    
	   2 Input    1 Bit        Muxes := 64    
	   4 Input    1 Bit        Muxes := 3     
	   3 Input    1 Bit        Muxes := 9     
---------------------------------------------------------------------------------
Finished RTL Component Statistics 
---------------------------------------------------------------------------------
---------------------------------------------------------------------------------
Start Part Resource Summary
---------------------------------------------------------------------------------
Part Resources:
DSPs: 220 (col length:60)
BRAMs: 280 (col length: RAMB18 60 RAMB36 30)
---------------------------------------------------------------------------------
Finished Part Resource Summary
---------------------------------------------------------------------------------
---------------------------------------------------------------------------------
Start Cross Boundary and Area Optimization
---------------------------------------------------------------------------------
WARNING: [Synth 8-7080] Parallel synthesis criteria is not met
WARNING: [Synth 8-7129] Port aclk2x in module axi_register_slice_v2_1_27_axi_register_slice is either unconnected or has no load
WARNING: [Synth 8-7129] Port s_axi_awuser[0] in module axi_register_slice_v2_1_27_axi_register_slice is either unconnected or has no load
WARNING: [Synth 8-7129] Port s_axi_wid[11] in module axi_register_slice_v2_1_27_axi_register_slice is either unconnected or has no load
WARNING: [Synth 8-7129] Port s_axi_wid[10] in module axi_register_slice_v2_1_27_axi_register_slice is either unconnected or has no load
WARNING: [Synth 8-7129] Port s_axi_wid[9] in module axi_register_slice_v2_1_27_axi_register_slice is either unconnected or has no load
WARNING: [Synth 8-7129] Port s_axi_wid[8] in module axi_register_slice_v2_1_27_axi_register_slice is either unconnected or has no load
WARNING: [Synth 8-7129] Port s_axi_wid[7] in module axi_register_slice_v2_1_27_axi_register_slice is either unconnected or has no load
WARNING: [Synth 8-7129] Port s_axi_wid[6] in module axi_register_slice_v2_1_27_axi_register_slice is either unconnected or has no load
WARNING: [Synth 8-7129] Port s_axi_wid[5] in module axi_register_slice_v2_1_27_axi_register_slice is either unconnected or has no load
WARNING: [Synth 8-7129] Port s_axi_wid[4] in module axi_register_slice_v2_1_27_axi_register_slice is either unconnected or has no load
WARNING: [Synth 8-7129] Port s_axi_wid[3] in module axi_register_slice_v2_1_27_axi_register_slice is either unconnected or has no load
WARNING: [Synth 8-7129] Port s_axi_wid[2] in module axi_register_slice_v2_1_27_axi_register_slice is either unconnected or has no load
WARNING: [Synth 8-7129] Port s_axi_wid[1] in module axi_register_slice_v2_1_27_axi_register_slice is either unconnected or has no load
WARNING: [Synth 8-7129] Port s_axi_wid[0] in module axi_register_slice_v2_1_27_axi_register_slice is either unconnected or has no load
WARNING: [Synth 8-7129] Port s_axi_wuser[0] in module axi_register_slice_v2_1_27_axi_register_slice is either unconnected or has no load
WARNING: [Synth 8-7129] Port s_axi_aruser[0] in module axi_register_slice_v2_1_27_axi_register_slice is either unconnected or has no load
WARNING: [Synth 8-7129] Port m_axi_buser[0] in module axi_register_slice_v2_1_27_axi_register_slice is either unconnected or has no load
WARNING: [Synth 8-7129] Port m_axi_ruser[0] in module axi_register_slice_v2_1_27_axi_register_slice is either unconnected or has no load
WARNING: [Synth 8-7129] Port S_ABURST[1] in module axi_crossbar_v2_1_28_si_transactor__parameterized0 is either unconnected or has no load
WARNING: [Synth 8-7129] Port S_ABURST[0] in module axi_crossbar_v2_1_28_si_transactor__parameterized0 is either unconnected or has no load
WARNING: [Synth 8-7129] Port S_ABURST[1] in module axi_crossbar_v2_1_28_si_transactor is either unconnected or has no load
WARNING: [Synth 8-7129] Port S_ABURST[0] in module axi_crossbar_v2_1_28_si_transactor is either unconnected or has no load
WARNING: [Synth 8-7129] Port S_AXI_WID[11] in module axi_crossbar_v2_1_28_crossbar is either unconnected or has no load
WARNING: [Synth 8-7129] Port S_AXI_WID[10] in module axi_crossbar_v2_1_28_crossbar is either unconnected or has no load
WARNING: [Synth 8-7129] Port S_AXI_WID[9] in module axi_crossbar_v2_1_28_crossbar is either unconnected or has no load
WARNING: [Synth 8-7129] Port S_AXI_WID[8] in module axi_crossbar_v2_1_28_crossbar is either unconnected or has no load
WARNING: [Synth 8-7129] Port S_AXI_WID[7] in module axi_crossbar_v2_1_28_crossbar is either unconnected or has no load
WARNING: [Synth 8-7129] Port S_AXI_WID[6] in module axi_crossbar_v2_1_28_crossbar is either unconnected or has no load
WARNING: [Synth 8-7129] Port S_AXI_WID[5] in module axi_crossbar_v2_1_28_crossbar is either unconnected or has no load
INFO: [Common 17-14] Message 'Synth 8-7129' appears 100 times and further instances of the messages will be disabled. Use the Tcl command set_msg_config to change the current settings.
INFO: [Synth 8-3332] Sequential element (gen_samd.crossbar_samd/gen_slave_slots[0].gen_si_write.wdata_router_w/wrouter_aw_fifo/FSM_onehot_state_reg[2]) is unused and will be removed from module axi_crossbar_v2_1_28_axi_crossbar.
---------------------------------------------------------------------------------
Finished Cross Boundary and Area Optimization : Time (s): cpu = 00:00:58 ; elapsed = 00:01:12 . Memory (MB): peak = 2526.215 ; gain = 688.734
---------------------------------------------------------------------------------
---------------------------------------------------------------------------------
Start Applying XDC Timing Constraints
---------------------------------------------------------------------------------
---------------------------------------------------------------------------------
Finished Applying XDC Timing Constraints : Time (s): cpu = 00:01:06 ; elapsed = 00:01:21 . Memory (MB): peak = 2526.215 ; gain = 688.734
---------------------------------------------------------------------------------
---------------------------------------------------------------------------------
Start Timing Optimization
---------------------------------------------------------------------------------
---------------------------------------------------------------------------------
Finished Timing Optimization : Time (s): cpu = 00:01:12 ; elapsed = 00:01:27 . Memory (MB): peak = 2526.215 ; gain = 688.734
---------------------------------------------------------------------------------
---------------------------------------------------------------------------------
Start Technology Mapping
---------------------------------------------------------------------------------
---------------------------------------------------------------------------------
Finished Technology Mapping : Time (s): cpu = 00:01:13 ; elapsed = 00:01:28 . Memory (MB): peak = 2526.215 ; gain = 688.734
---------------------------------------------------------------------------------
---------------------------------------------------------------------------------
Start IO Insertion
---------------------------------------------------------------------------------
---------------------------------------------------------------------------------
Start Flattening Before IO Insertion
---------------------------------------------------------------------------------
---------------------------------------------------------------------------------
Finished Flattening Before IO Insertion
---------------------------------------------------------------------------------
---------------------------------------------------------------------------------
Start Final Netlist Cleanup
---------------------------------------------------------------------------------
---------------------------------------------------------------------------------
Finished Final Netlist Cleanup
---------------------------------------------------------------------------------
---------------------------------------------------------------------------------
Finished IO Insertion : Time (s): cpu = 00:01:18 ; elapsed = 00:01:33 . Memory (MB): peak = 2526.215 ; gain = 688.734
---------------------------------------------------------------------------------
---------------------------------------------------------------------------------
Start Renaming Generated Instances
---------------------------------------------------------------------------------
---------------------------------------------------------------------------------
Finished Renaming Generated Instances : Time (s): cpu = 00:01:18 ; elapsed = 00:01:33 . Memory (MB): peak = 2526.215 ; gain = 688.734
---------------------------------------------------------------------------------
---------------------------------------------------------------------------------
Start Rebuilding User Hierarchy
---------------------------------------------------------------------------------
---------------------------------------------------------------------------------
Finished Rebuilding User Hierarchy : Time (s): cpu = 00:01:18 ; elapsed = 00:01:34 . Memory (MB): peak = 2526.215 ; gain = 688.734
---------------------------------------------------------------------------------
---------------------------------------------------------------------------------
Start Renaming Generated Ports
---------------------------------------------------------------------------------
---------------------------------------------------------------------------------
Finished Renaming Generated Ports : Time (s): cpu = 00:01:18 ; elapsed = 00:01:34 . Memory (MB): peak = 2526.215 ; gain = 688.734
---------------------------------------------------------------------------------
---------------------------------------------------------------------------------
Start Handling Custom Attributes
---------------------------------------------------------------------------------
---------------------------------------------------------------------------------
Finished Handling Custom Attributes : Time (s): cpu = 00:01:18 ; elapsed = 00:01:34 . Memory (MB): peak = 2526.215 ; gain = 688.734
---------------------------------------------------------------------------------
---------------------------------------------------------------------------------
Start Renaming Generated Nets
---------------------------------------------------------------------------------
---------------------------------------------------------------------------------
Finished Renaming Generated Nets : Time (s): cpu = 00:01:18 ; elapsed = 00:01:34 . Memory (MB): peak = 2526.215 ; gain = 688.734
---------------------------------------------------------------------------------
---------------------------------------------------------------------------------
Start Writing Synthesis Report
---------------------------------------------------------------------------------

Report BlackBoxes: 
+-+--------------+----------+
| |BlackBox name |Instances |
+-+--------------+----------+
+-+--------------+----------+

Report Cell Usage: 
+------+--------+------+
|      |Cell    |Count |
+------+--------+------+
|1     |CARRY4  |    32|
|2     |LUT1    |    27|
|3     |LUT2    |    27|
|4     |LUT3    |   248|
|5     |LUT4    |    74|
|6     |LUT5    |   100|
|7     |LUT6    |   394|
|8     |MUXF7   |    62|
|9     |SRLC32E |     3|
|10    |FDRE    |  1018|
|11    |FDSE    |    14|
+------+--------+------+
---------------------------------------------------------------------------------
Finished Writing Synthesis Report : Time (s): cpu = 00:01:18 ; elapsed = 00:01:34 . Memory (MB): peak = 2526.215 ; gain = 688.734
---------------------------------------------------------------------------------
Synthesis finished with 0 errors, 0 critical warnings and 58 warnings.
Synthesis Optimization Runtime : Time (s): cpu = 00:00:42 ; elapsed = 00:01:27 . Memory (MB): peak = 2526.215 ; gain = 657.289
Synthesis Optimization Complete : Time (s): cpu = 00:01:18 ; elapsed = 00:01:34 . Memory (MB): peak = 2526.215 ; gain = 688.734
INFO: [Project 1-571] Translating synthesized netlist
Netlist sorting complete. Time (s): cpu = 00:00:00 ; elapsed = 00:00:00.065 . Memory (MB): peak = 2526.215 ; gain = 0.000
INFO: [Netlist 29-17] Analyzing 94 Unisim elements for replacement
INFO: [Netlist 29-28] Unisim Transformation completed in 0 CPU seconds
INFO: [Project 1-570] Preparing netlist for logic optimization
INFO: [Opt 31-138] Pushed 0 inverter(s) to 0 load pin(s).
Netlist sorting complete. Time (s): cpu = 00:00:00 ; elapsed = 00:00:00.001 . Memory (MB): peak = 2526.215 ; gain = 0.000
INFO: [Project 1-111] Unisim Transformation Summary:
No Unisim elements were transformed.

Synth Design complete, checksum: f06056f1
INFO: [Common 17-83] Releasing license: Synthesis
99 Infos, 138 Warnings, 0 Critical Warnings and 0 Errors encountered.
synth_design completed successfully
synth_design: Time (s): cpu = 00:01:26 ; elapsed = 00:01:47 . Memory (MB): peak = 2526.215 ; gain = 1090.152
INFO: [Common 17-600] The following parameters have non-default value.
tcl.collectionResultDisplayLimit
INFO: [Common 17-1381] The checkpoint 'E:/prj11_autofocus/01_app_hyis_ptc0808.runs/design_1_xbar_0_synth_1/design_1_xbar_0.dcp' has been generated.
INFO: [Coretcl 2-1648] Added synthesis output to IP cache for IP design_1_xbar_0, cache-ID = 2b9f52b65c76a93f
INFO: [Coretcl 2-1174] Renamed 33 cell refs.
INFO: [Common 17-1381] The checkpoint 'E:/prj11_autofocus/01_app_hyis_ptc0808.runs/design_1_xbar_0_synth_1/design_1_xbar_0.dcp' has been generated.
INFO: [runtcl-4] Executing : report_utilization -file design_1_xbar_0_utilization_synth.rpt -pb design_1_xbar_0_utilization_synth.pb
INFO: [Common 17-206] Exiting Vivado at Mon Aug  5 10:52:40 2024...
